Terminais não utilizados na gramática

   ABRE_COLCHETES
   FECHA_COLCHETES
   LABEL
   TYPE
   ARRAY
   OF
   GOTO
   IF
   THEN
   ELSE
   NOT


Estado 37 conflitos: 2 de deslocamento/redução, 1 de redução/redução
Estado 39 conflitos: 2 de deslocamento/redução, 1 de redução/redução


Gramática

    0 $accept: programa $end

    1 $@1: %empty

    2 programa: $@1 PROGRAM IDENT ABRE_PARENTESES lista_idents FECHA_PARENTESES PONTO_E_VIRGULA bloco PONTO

    3 $@2: %empty

    4 bloco: parte_declara_vars $@2 comando_composto

    5 parte_declara_vars: parte_declara_vars PONTO_E_VIRGULA declara_vars

    6 $@3: %empty

    7 parte_declara_vars: VAR $@3 declara_vars

    8 declara_vars: declara_vars declara_var
    9             | declara_var

   10 $@4: %empty

   11 $@5: %empty

   12 declara_var: $@4 lista_id_var DOIS_PONTOS tipo $@5 PONTO_E_VIRGULA

   13 tipo: IDENT

   14 lista_id_var: lista_id_var VIRGULA var_id
   15             | var_id

   16 lista_idents: lista_idents VIRGULA IDENT
   17             | IDENT

   18 var_id: IDENT

   19 $@6: %empty

   20 comando_composto: $@6 T_BEGIN comandos T_END

   21 comandos: comando_sem_rotulo comandos
   22         | comando_composto
   23         | %empty

   24 comando_sem_rotulo: atribuicao PONTO_E_VIRGULA
   25                   | comando_repetitivo comandos

   26 atribuicao: variavel ATRIBUICAO expressao_simples

   27 comando_repetitivo: WHILE expressao DO comando_composto

   28 variavel: IDENT

   29 expressao: expressao_simples relacao expressao_simples

   30 expressao_simples: expressao_simples MAIS termo
   31                  | expressao_simples MENOS termo
   32                  | expressao_simples OR termo
   33                  | termo

   34 termo: termo MULT fator
   35      | termo AND fator
   36      | termo DIV fator
   37      | fator

   38 fator: variavel
   39      | numero
   40      | ABRE_PARENTESES expressao_simples FECHA_PARENTESES

   41 relacao: MAIOR
   42        | MENOR
   43        | MENOR MAIOR
   44        | MAIOR IGUAL
   45        | MENOR IGUAL
   46        | IGUAL

   47 numero: NUMERO


Terminais, com as regras onde eles aparecem

$end (0) 0
error (256)
PROGRAM (258) 2
ABRE_PARENTESES (259) 2 40
FECHA_PARENTESES (260) 2 40
VIRGULA (261) 14 16
PONTO_E_VIRGULA (262) 2 5 12 24
DOIS_PONTOS (263) 12
PONTO (264) 2
T_BEGIN (265) 20
T_END (266) 20
VAR (267) 7
IDENT (268) 2 13 16 17 18 28
ATRIBUICAO (269) 26
MAIS (270) 30
MENOS (271) 31
MULT (272) 34
DIV (273) 36
ABRE_COLCHETES (274)
FECHA_COLCHETES (275)
LABEL (276)
TYPE (277)
ARRAY (278)
OF (279)
GOTO (280)
IF (281)
THEN (282)
ELSE (283)
WHILE (284) 27
DO (285) 27
OR (286) 32
AND (287) 35
NOT (288)
IGUAL (289) 44 45 46
MAIOR (290) 41 43 44
MENOR (291) 42 43 45
NUMERO (292) 47


Não-terminais com as regras onde eles aparecem

$accept (38)
    à esquerda: 0
programa (39)
    à esquerda: 2, à direita: 0
$@1 (40)
    à esquerda: 1, à direita: 2
bloco (41)
    à esquerda: 4, à direita: 2
$@2 (42)
    à esquerda: 3, à direita: 4
parte_declara_vars (43)
    à esquerda: 5 7, à direita: 4 5
$@3 (44)
    à esquerda: 6, à direita: 7
declara_vars (45)
    à esquerda: 8 9, à direita: 5 7 8
declara_var (46)
    à esquerda: 12, à direita: 8 9
$@4 (47)
    à esquerda: 10, à direita: 12
$@5 (48)
    à esquerda: 11, à direita: 12
tipo (49)
    à esquerda: 13, à direita: 12
lista_id_var (50)
    à esquerda: 14 15, à direita: 12 14
lista_idents (51)
    à esquerda: 16 17, à direita: 2 16
var_id (52)
    à esquerda: 18, à direita: 14 15
comando_composto (53)
    à esquerda: 20, à direita: 4 22 27
$@6 (54)
    à esquerda: 19, à direita: 20
comandos (55)
    à esquerda: 21 22 23, à direita: 20 21 25
comando_sem_rotulo (56)
    à esquerda: 24 25, à direita: 21
atribuicao (57)
    à esquerda: 26, à direita: 24
comando_repetitivo (58)
    à esquerda: 27, à direita: 25
variavel (59)
    à esquerda: 28, à direita: 26 38
expressao (60)
    à esquerda: 29, à direita: 27
expressao_simples (61)
    à esquerda: 30 31 32 33, à direita: 26 29 30 31 32 40
termo (62)
    à esquerda: 34 35 36 37, à direita: 30 31 32 33 34 35 36
fator (63)
    à esquerda: 38 39 40, à direita: 34 35 36 37
relacao (64)
    à esquerda: 41 42 43 44 45 46, à direita: 29
numero (65)
    à esquerda: 47, à direita: 39


State 0

    0 $accept: . programa $end

    $padrão  reduzir usando a regra 1 ($@1)

    programa  ir ao estado 1
    $@1       ir ao estado 2


State 1

    0 $accept: programa . $end

    $end  deslocar, e ir ao estado 3


State 2

    2 programa: $@1 . PROGRAM IDENT ABRE_PARENTESES lista_idents FECHA_PARENTESES PONTO_E_VIRGULA bloco PONTO

    PROGRAM  deslocar, e ir ao estado 4


State 3

    0 $accept: programa $end .

    $padrão  aceitar


State 4

    2 programa: $@1 PROGRAM . IDENT ABRE_PARENTESES lista_idents FECHA_PARENTESES PONTO_E_VIRGULA bloco PONTO

    IDENT  deslocar, e ir ao estado 5


State 5

    2 programa: $@1 PROGRAM IDENT . ABRE_PARENTESES lista_idents FECHA_PARENTESES PONTO_E_VIRGULA bloco PONTO

    ABRE_PARENTESES  deslocar, e ir ao estado 6


State 6

    2 programa: $@1 PROGRAM IDENT ABRE_PARENTESES . lista_idents FECHA_PARENTESES PONTO_E_VIRGULA bloco PONTO

    IDENT  deslocar, e ir ao estado 7

    lista_idents  ir ao estado 8


State 7

   17 lista_idents: IDENT .

    $padrão  reduzir usando a regra 17 (lista_idents)


State 8

    2 programa: $@1 PROGRAM IDENT ABRE_PARENTESES lista_idents . FECHA_PARENTESES PONTO_E_VIRGULA bloco PONTO
   16 lista_idents: lista_idents . VIRGULA IDENT

    FECHA_PARENTESES  deslocar, e ir ao estado 9
    VIRGULA           deslocar, e ir ao estado 10


State 9

    2 programa: $@1 PROGRAM IDENT ABRE_PARENTESES lista_idents FECHA_PARENTESES . PONTO_E_VIRGULA bloco PONTO

    PONTO_E_VIRGULA  deslocar, e ir ao estado 11


State 10

   16 lista_idents: lista_idents VIRGULA . IDENT

    IDENT  deslocar, e ir ao estado 12


State 11

    2 programa: $@1 PROGRAM IDENT ABRE_PARENTESES lista_idents FECHA_PARENTESES PONTO_E_VIRGULA . bloco PONTO

    VAR  deslocar, e ir ao estado 13

    bloco               ir ao estado 14
    parte_declara_vars  ir ao estado 15


State 12

   16 lista_idents: lista_idents VIRGULA IDENT .

    $padrão  reduzir usando a regra 16 (lista_idents)


State 13

    7 parte_declara_vars: VAR . $@3 declara_vars

    $padrão  reduzir usando a regra 6 ($@3)

    $@3  ir ao estado 16


State 14

    2 programa: $@1 PROGRAM IDENT ABRE_PARENTESES lista_idents FECHA_PARENTESES PONTO_E_VIRGULA bloco . PONTO

    PONTO  deslocar, e ir ao estado 17


State 15

    4 bloco: parte_declara_vars . $@2 comando_composto
    5 parte_declara_vars: parte_declara_vars . PONTO_E_VIRGULA declara_vars

    PONTO_E_VIRGULA  deslocar, e ir ao estado 18

    $padrão  reduzir usando a regra 3 ($@2)

    $@2  ir ao estado 19


State 16

    7 parte_declara_vars: VAR $@3 . declara_vars

    $padrão  reduzir usando a regra 10 ($@4)

    declara_vars  ir ao estado 20
    declara_var   ir ao estado 21
    $@4           ir ao estado 22


State 17

    2 programa: $@1 PROGRAM IDENT ABRE_PARENTESES lista_idents FECHA_PARENTESES PONTO_E_VIRGULA bloco PONTO .

    $padrão  reduzir usando a regra 2 (programa)


State 18

    5 parte_declara_vars: parte_declara_vars PONTO_E_VIRGULA . declara_vars

    $padrão  reduzir usando a regra 10 ($@4)

    declara_vars  ir ao estado 23
    declara_var   ir ao estado 21
    $@4           ir ao estado 22


State 19

    4 bloco: parte_declara_vars $@2 . comando_composto

    $padrão  reduzir usando a regra 19 ($@6)

    comando_composto  ir ao estado 24
    $@6               ir ao estado 25


State 20

    7 parte_declara_vars: VAR $@3 declara_vars .
    8 declara_vars: declara_vars . declara_var

    IDENT     reduzir usando a regra 10 ($@4)
    $padrão  reduzir usando a regra 7 (parte_declara_vars)

    declara_var  ir ao estado 26
    $@4          ir ao estado 22


State 21

    9 declara_vars: declara_var .

    $padrão  reduzir usando a regra 9 (declara_vars)


State 22

   12 declara_var: $@4 . lista_id_var DOIS_PONTOS tipo $@5 PONTO_E_VIRGULA

    IDENT  deslocar, e ir ao estado 27

    lista_id_var  ir ao estado 28
    var_id        ir ao estado 29


State 23

    5 parte_declara_vars: parte_declara_vars PONTO_E_VIRGULA declara_vars .
    8 declara_vars: declara_vars . declara_var

    IDENT     reduzir usando a regra 10 ($@4)
    $padrão  reduzir usando a regra 5 (parte_declara_vars)

    declara_var  ir ao estado 26
    $@4          ir ao estado 22


State 24

    4 bloco: parte_declara_vars $@2 comando_composto .

    $padrão  reduzir usando a regra 4 (bloco)


State 25

   20 comando_composto: $@6 . T_BEGIN comandos T_END

    T_BEGIN  deslocar, e ir ao estado 30


State 26

    8 declara_vars: declara_vars declara_var .

    $padrão  reduzir usando a regra 8 (declara_vars)


State 27

   18 var_id: IDENT .

    $padrão  reduzir usando a regra 18 (var_id)


State 28

   12 declara_var: $@4 lista_id_var . DOIS_PONTOS tipo $@5 PONTO_E_VIRGULA
   14 lista_id_var: lista_id_var . VIRGULA var_id

    VIRGULA      deslocar, e ir ao estado 31
    DOIS_PONTOS  deslocar, e ir ao estado 32


State 29

   15 lista_id_var: var_id .

    $padrão  reduzir usando a regra 15 (lista_id_var)


State 30

   20 comando_composto: $@6 T_BEGIN . comandos T_END

    IDENT  deslocar, e ir ao estado 33
    WHILE  deslocar, e ir ao estado 34

    T_END     reduzir usando a regra 23 (comandos)
    $padrão  reduzir usando a regra 19 ($@6)

    comando_composto    ir ao estado 35
    $@6                 ir ao estado 25
    comandos            ir ao estado 36
    comando_sem_rotulo  ir ao estado 37
    atribuicao          ir ao estado 38
    comando_repetitivo  ir ao estado 39
    variavel            ir ao estado 40


State 31

   14 lista_id_var: lista_id_var VIRGULA . var_id

    IDENT  deslocar, e ir ao estado 27

    var_id  ir ao estado 41


State 32

   12 declara_var: $@4 lista_id_var DOIS_PONTOS . tipo $@5 PONTO_E_VIRGULA

    IDENT  deslocar, e ir ao estado 42

    tipo  ir ao estado 43


State 33

   28 variavel: IDENT .

    $padrão  reduzir usando a regra 28 (variavel)


State 34

   27 comando_repetitivo: WHILE . expressao DO comando_composto

    ABRE_PARENTESES  deslocar, e ir ao estado 44
    IDENT            deslocar, e ir ao estado 33
    NUMERO           deslocar, e ir ao estado 45

    variavel           ir ao estado 46
    expressao          ir ao estado 47
    expressao_simples  ir ao estado 48
    termo              ir ao estado 49
    fator              ir ao estado 50
    numero             ir ao estado 51


State 35

   22 comandos: comando_composto .

    $padrão  reduzir usando a regra 22 (comandos)


State 36

   20 comando_composto: $@6 T_BEGIN comandos . T_END

    T_END  deslocar, e ir ao estado 52


State 37

   21 comandos: comando_sem_rotulo . comandos

    IDENT  deslocar, e ir ao estado 33
    WHILE  deslocar, e ir ao estado 34

    T_BEGIN   reduzir usando a regra 19 ($@6)
    T_BEGIN   [reduzir usando a regra 23 (comandos)]
    T_END     reduzir usando a regra 23 (comandos)
    IDENT     [reduzir usando a regra 23 (comandos)]
    WHILE     [reduzir usando a regra 23 (comandos)]
    $padrão  reduzir usando a regra 19 ($@6)

    comando_composto    ir ao estado 35
    $@6                 ir ao estado 25
    comandos            ir ao estado 53
    comando_sem_rotulo  ir ao estado 37
    atribuicao          ir ao estado 38
    comando_repetitivo  ir ao estado 39
    variavel            ir ao estado 40


State 38

   24 comando_sem_rotulo: atribuicao . PONTO_E_VIRGULA

    PONTO_E_VIRGULA  deslocar, e ir ao estado 54


State 39

   25 comando_sem_rotulo: comando_repetitivo . comandos

    IDENT  deslocar, e ir ao estado 33
    WHILE  deslocar, e ir ao estado 34

    T_BEGIN   reduzir usando a regra 19 ($@6)
    T_BEGIN   [reduzir usando a regra 23 (comandos)]
    T_END     reduzir usando a regra 23 (comandos)
    IDENT     [reduzir usando a regra 23 (comandos)]
    WHILE     [reduzir usando a regra 23 (comandos)]
    $padrão  reduzir usando a regra 19 ($@6)

    comando_composto    ir ao estado 35
    $@6                 ir ao estado 25
    comandos            ir ao estado 55
    comando_sem_rotulo  ir ao estado 37
    atribuicao          ir ao estado 38
    comando_repetitivo  ir ao estado 39
    variavel            ir ao estado 40


State 40

   26 atribuicao: variavel . ATRIBUICAO expressao_simples

    ATRIBUICAO  deslocar, e ir ao estado 56


State 41

   14 lista_id_var: lista_id_var VIRGULA var_id .

    $padrão  reduzir usando a regra 14 (lista_id_var)


State 42

   13 tipo: IDENT .

    $padrão  reduzir usando a regra 13 (tipo)


State 43

   12 declara_var: $@4 lista_id_var DOIS_PONTOS tipo . $@5 PONTO_E_VIRGULA

    $padrão  reduzir usando a regra 11 ($@5)

    $@5  ir ao estado 57


State 44

   40 fator: ABRE_PARENTESES . expressao_simples FECHA_PARENTESES

    ABRE_PARENTESES  deslocar, e ir ao estado 44
    IDENT            deslocar, e ir ao estado 33
    NUMERO           deslocar, e ir ao estado 45

    variavel           ir ao estado 46
    expressao_simples  ir ao estado 58
    termo              ir ao estado 49
    fator              ir ao estado 50
    numero             ir ao estado 51


State 45

   47 numero: NUMERO .

    $padrão  reduzir usando a regra 47 (numero)


State 46

   38 fator: variavel .

    $padrão  reduzir usando a regra 38 (fator)


State 47

   27 comando_repetitivo: WHILE expressao . DO comando_composto

    DO  deslocar, e ir ao estado 59


State 48

   29 expressao: expressao_simples . relacao expressao_simples
   30 expressao_simples: expressao_simples . MAIS termo
   31                  | expressao_simples . MENOS termo
   32                  | expressao_simples . OR termo

    MAIS   deslocar, e ir ao estado 60
    MENOS  deslocar, e ir ao estado 61
    OR     deslocar, e ir ao estado 62
    IGUAL  deslocar, e ir ao estado 63
    MAIOR  deslocar, e ir ao estado 64
    MENOR  deslocar, e ir ao estado 65

    relacao  ir ao estado 66


State 49

   33 expressao_simples: termo .
   34 termo: termo . MULT fator
   35      | termo . AND fator
   36      | termo . DIV fator

    MULT  deslocar, e ir ao estado 67
    DIV   deslocar, e ir ao estado 68
    AND   deslocar, e ir ao estado 69

    $padrão  reduzir usando a regra 33 (expressao_simples)


State 50

   37 termo: fator .

    $padrão  reduzir usando a regra 37 (termo)


State 51

   39 fator: numero .

    $padrão  reduzir usando a regra 39 (fator)


State 52

   20 comando_composto: $@6 T_BEGIN comandos T_END .

    $padrão  reduzir usando a regra 20 (comando_composto)


State 53

   21 comandos: comando_sem_rotulo comandos .

    $padrão  reduzir usando a regra 21 (comandos)


State 54

   24 comando_sem_rotulo: atribuicao PONTO_E_VIRGULA .

    $padrão  reduzir usando a regra 24 (comando_sem_rotulo)


State 55

   25 comando_sem_rotulo: comando_repetitivo comandos .

    $padrão  reduzir usando a regra 25 (comando_sem_rotulo)


State 56

   26 atribuicao: variavel ATRIBUICAO . expressao_simples

    ABRE_PARENTESES  deslocar, e ir ao estado 44
    IDENT            deslocar, e ir ao estado 33
    NUMERO           deslocar, e ir ao estado 45

    variavel           ir ao estado 46
    expressao_simples  ir ao estado 70
    termo              ir ao estado 49
    fator              ir ao estado 50
    numero             ir ao estado 51


State 57

   12 declara_var: $@4 lista_id_var DOIS_PONTOS tipo $@5 . PONTO_E_VIRGULA

    PONTO_E_VIRGULA  deslocar, e ir ao estado 71


State 58

   30 expressao_simples: expressao_simples . MAIS termo
   31                  | expressao_simples . MENOS termo
   32                  | expressao_simples . OR termo
   40 fator: ABRE_PARENTESES expressao_simples . FECHA_PARENTESES

    FECHA_PARENTESES  deslocar, e ir ao estado 72
    MAIS              deslocar, e ir ao estado 60
    MENOS             deslocar, e ir ao estado 61
    OR                deslocar, e ir ao estado 62


State 59

   27 comando_repetitivo: WHILE expressao DO . comando_composto

    $padrão  reduzir usando a regra 19 ($@6)

    comando_composto  ir ao estado 73
    $@6               ir ao estado 25


State 60

   30 expressao_simples: expressao_simples MAIS . termo

    ABRE_PARENTESES  deslocar, e ir ao estado 44
    IDENT            deslocar, e ir ao estado 33
    NUMERO           deslocar, e ir ao estado 45

    variavel  ir ao estado 46
    termo     ir ao estado 74
    fator     ir ao estado 50
    numero    ir ao estado 51


State 61

   31 expressao_simples: expressao_simples MENOS . termo

    ABRE_PARENTESES  deslocar, e ir ao estado 44
    IDENT            deslocar, e ir ao estado 33
    NUMERO           deslocar, e ir ao estado 45

    variavel  ir ao estado 46
    termo     ir ao estado 75
    fator     ir ao estado 50
    numero    ir ao estado 51


State 62

   32 expressao_simples: expressao_simples OR . termo

    ABRE_PARENTESES  deslocar, e ir ao estado 44
    IDENT            deslocar, e ir ao estado 33
    NUMERO           deslocar, e ir ao estado 45

    variavel  ir ao estado 46
    termo     ir ao estado 76
    fator     ir ao estado 50
    numero    ir ao estado 51


State 63

   46 relacao: IGUAL .

    $padrão  reduzir usando a regra 46 (relacao)


State 64

   41 relacao: MAIOR .
   44        | MAIOR . IGUAL

    IGUAL  deslocar, e ir ao estado 77

    $padrão  reduzir usando a regra 41 (relacao)


State 65

   42 relacao: MENOR .
   43        | MENOR . MAIOR
   45        | MENOR . IGUAL

    IGUAL  deslocar, e ir ao estado 78
    MAIOR  deslocar, e ir ao estado 79

    $padrão  reduzir usando a regra 42 (relacao)


State 66

   29 expressao: expressao_simples relacao . expressao_simples

    ABRE_PARENTESES  deslocar, e ir ao estado 44
    IDENT            deslocar, e ir ao estado 33
    NUMERO           deslocar, e ir ao estado 45

    variavel           ir ao estado 46
    expressao_simples  ir ao estado 80
    termo              ir ao estado 49
    fator              ir ao estado 50
    numero             ir ao estado 51


State 67

   34 termo: termo MULT . fator

    ABRE_PARENTESES  deslocar, e ir ao estado 44
    IDENT            deslocar, e ir ao estado 33
    NUMERO           deslocar, e ir ao estado 45

    variavel  ir ao estado 46
    fator     ir ao estado 81
    numero    ir ao estado 51


State 68

   36 termo: termo DIV . fator

    ABRE_PARENTESES  deslocar, e ir ao estado 44
    IDENT            deslocar, e ir ao estado 33
    NUMERO           deslocar, e ir ao estado 45

    variavel  ir ao estado 46
    fator     ir ao estado 82
    numero    ir ao estado 51


State 69

   35 termo: termo AND . fator

    ABRE_PARENTESES  deslocar, e ir ao estado 44
    IDENT            deslocar, e ir ao estado 33
    NUMERO           deslocar, e ir ao estado 45

    variavel  ir ao estado 46
    fator     ir ao estado 83
    numero    ir ao estado 51


State 70

   26 atribuicao: variavel ATRIBUICAO expressao_simples .
   30 expressao_simples: expressao_simples . MAIS termo
   31                  | expressao_simples . MENOS termo
   32                  | expressao_simples . OR termo

    MAIS   deslocar, e ir ao estado 60
    MENOS  deslocar, e ir ao estado 61
    OR     deslocar, e ir ao estado 62

    $padrão  reduzir usando a regra 26 (atribuicao)


State 71

   12 declara_var: $@4 lista_id_var DOIS_PONTOS tipo $@5 PONTO_E_VIRGULA .

    $padrão  reduzir usando a regra 12 (declara_var)


State 72

   40 fator: ABRE_PARENTESES expressao_simples FECHA_PARENTESES .

    $padrão  reduzir usando a regra 40 (fator)


State 73

   27 comando_repetitivo: WHILE expressao DO comando_composto .

    $padrão  reduzir usando a regra 27 (comando_repetitivo)


State 74

   30 expressao_simples: expressao_simples MAIS termo .
   34 termo: termo . MULT fator
   35      | termo . AND fator
   36      | termo . DIV fator

    MULT  deslocar, e ir ao estado 67
    DIV   deslocar, e ir ao estado 68
    AND   deslocar, e ir ao estado 69

    $padrão  reduzir usando a regra 30 (expressao_simples)


State 75

   31 expressao_simples: expressao_simples MENOS termo .
   34 termo: termo . MULT fator
   35      | termo . AND fator
   36      | termo . DIV fator

    MULT  deslocar, e ir ao estado 67
    DIV   deslocar, e ir ao estado 68
    AND   deslocar, e ir ao estado 69

    $padrão  reduzir usando a regra 31 (expressao_simples)


State 76

   32 expressao_simples: expressao_simples OR termo .
   34 termo: termo . MULT fator
   35      | termo . AND fator
   36      | termo . DIV fator

    MULT  deslocar, e ir ao estado 67
    DIV   deslocar, e ir ao estado 68
    AND   deslocar, e ir ao estado 69

    $padrão  reduzir usando a regra 32 (expressao_simples)


State 77

   44 relacao: MAIOR IGUAL .

    $padrão  reduzir usando a regra 44 (relacao)


State 78

   45 relacao: MENOR IGUAL .

    $padrão  reduzir usando a regra 45 (relacao)


State 79

   43 relacao: MENOR MAIOR .

    $padrão  reduzir usando a regra 43 (relacao)


State 80

   29 expressao: expressao_simples relacao expressao_simples .
   30 expressao_simples: expressao_simples . MAIS termo
   31                  | expressao_simples . MENOS termo
   32                  | expressao_simples . OR termo

    MAIS   deslocar, e ir ao estado 60
    MENOS  deslocar, e ir ao estado 61
    OR     deslocar, e ir ao estado 62

    $padrão  reduzir usando a regra 29 (expressao)


State 81

   34 termo: termo MULT fator .

    $padrão  reduzir usando a regra 34 (termo)


State 82

   36 termo: termo DIV fator .

    $padrão  reduzir usando a regra 36 (termo)


State 83

   35 termo: termo AND fator .

    $padrão  reduzir usando a regra 35 (termo)
